<?xml version="1.0" encoding="UTF-8"?>
<coverage generated="1729611426044" clover="3.2.0">
  <project timestamp="1729611426044" name="All files">
    <metrics statements="31" coveredstatements="23" conditionals="18" coveredconditionals="9" methods="4" coveredmethods="3" elements="53" coveredelements="35" complexity="0" loc="31" ncloc="31" packages="1" files="4" classes="4"/>
    <file name="calcularMedia.js" path="C:\Users\laris\Downloads\Atividades - Jest (4)\Atividades - Jest\calcularMedia.js">
      <metrics statements="13" coveredstatements="11" conditionals="6" coveredconditionals="4" methods="1" coveredmethods="1"/>
      <line num="2" count="2" type="stmt"/>
      <line num="4" count="2" type="cond" truecount="1" falsecount="1"/>
      <line num="5" count="0" type="stmt"/>
      <line num="8" count="2" type="stmt"/>
      <line num="9" count="6" type="cond" truecount="1" falsecount="1"/>
      <line num="10" count="0" type="stmt"/>
      <line num="14" count="2" type="stmt"/>
      <line num="15" count="6" type="stmt"/>
      <line num="18" count="2" type="stmt"/>
      <line num="20" count="2" type="cond" truecount="2" falsecount="0"/>
      <line num="21" count="1" type="stmt"/>
      <line num="23" count="1" type="stmt"/>
      <line num="27" count="1" type="stmt"/>
    </file>
    <file name="tamanhoSenha.js" path="C:\Users\laris\Downloads\Atividades - Jest (4)\Atividades - Jest\tamanhoSenha.js">
      <metrics statements="5" coveredstatements="5" conditionals="0" coveredconditionals="0" methods="1" coveredmethods="1"/>
      <line num="2" count="3" type="stmt"/>
      <line num="4" count="3" type="stmt"/>
      <line num="5" count="5" type="stmt"/>
      <line num="8" count="3" type="stmt"/>
      <line num="11" count="1" type="stmt"/>
    </file>
    <file name="trabalho.js" path="C:\Users\laris\Downloads\Atividades - Jest (4)\Atividades - Jest\trabalho.js">
      <metrics statements="6" coveredstatements="1" conditionals="6" coveredconditionals="0" methods="1" coveredmethods="0"/>
      <line num="2" count="0" type="cond" truecount="0" falsecount="2"/>
      <line num="3" count="0" type="stmt"/>
      <line num="4" count="0" type="cond" truecount="0" falsecount="4"/>
      <line num="5" count="0" type="stmt"/>
      <line num="7" count="0" type="stmt"/>
      <line num="11" count="1" type="stmt"/>
    </file>
    <file name="verificarParidade.js" path="C:\Users\laris\Downloads\Atividades - Jest (4)\Atividades - Jest\verificarParidade.js">
      <metrics statements="7" coveredstatements="6" conditionals="6" coveredconditionals="5" methods="1" coveredmethods="1"/>
      <line num="4" count="2" type="cond" truecount="3" falsecount="1"/>
      <line num="5" count="0" type="stmt"/>
      <line num="8" count="2" type="cond" truecount="2" falsecount="0"/>
      <line num="9" count="1" type="stmt"/>
      <line num="11" count="1" type="stmt"/>
      <line num="14" count="2" type="stmt"/>
      <line num="17" count="1" type="stmt"/>
    </file>
  </project>
</coverage>
