{"C:\\Users\\laris\\Downloads\\Atividades - Jest (4)\\Atividades - Jest\\calcularMedia.js": {"path":"C:\\Users\\laris\\Downloads\\Atividades - Jest (4)\\Atividades - Jest\\calcularMedia.js","statementMap":{"0":{"start":{"line":2,"column":14},"end":{"line":2,"column":15}},"1":{"start":{"line":4,"column":2},"end":{"line":6,"column":3}},"2":{"start":{"line":5,"column":4},"end":{"line":5,"column":68}},"3":{"start":{"line":8,"column":2},"end":{"line":12,"column":3}},"4":{"start":{"line":8,"column":15},"end":{"line":8,"column":16}},"5":{"start":{"line":9,"column":4},"end":{"line":11,"column":5}},"6":{"start":{"line":10,"column":6},"end":{"line":10,"column":65}},"7":{"start":{"line":14,"column":2},"end":{"line":16,"column":3}},"8":{"start":{"line":14,"column":15},"end":{"line":14,"column":16}},"9":{"start":{"line":15,"column":4},"end":{"line":15,"column":22}},"10":{"start":{"line":18,"column":14},"end":{"line":18,"column":47}},"11":{"start":{"line":20,"column":2},"end":{"line":24,"column":3}},"12":{"start":{"line":21,"column":4},"end":{"line":21,"column":60}},"13":{"start":{"line":23,"column":4},"end":{"line":23,"column":54}},"14":{"start":{"line":27,"column":0},"end":{"line":27,"column":49}}},"fnMap":{"0":{"name":"calcularMediaENotificarSePassou","decl":{"start":{"line":1,"column":9},"end":{"line":1,"column":40}},"loc":{"start":{"line":1,"column":48},"end":{"line":25,"column":1}},"line":1}},"branchMap":{"0":{"loc":{"start":{"line":4,"column":2},"end":{"line":6,"column":3}},"type":"if","locations":[{"start":{"line":4,"column":2},"end":{"line":6,"column":3}},{"start":{},"end":{}}],"line":4},"1":{"loc":{"start":{"line":9,"column":4},"end":{"line":11,"column":5}},"type":"if","locations":[{"start":{"line":9,"column":4},"end":{"line":11,"column":5}},{"start":{},"end":{}}],"line":9},"2":{"loc":{"start":{"line":20,"column":2},"end":{"line":24,"column":3}},"type":"if","locations":[{"start":{"line":20,"column":2},"end":{"line":24,"column":3}},{"start":{"line":22,"column":9},"end":{"line":24,"column":3}}],"line":20}},"s":{"0":2,"1":2,"2":0,"3":2,"4":2,"5":6,"6":0,"7":2,"8":2,"9":6,"10":2,"11":2,"12":1,"13":1,"14":1},"f":{"0":2},"b":{"0":[0,2],"1":[0,6],"2":[1,1]},"_coverageSchema":"1a1c01bbd47fc00a2c39e90264f33305004495a9","hash":"72777ec3b445a6704dbba23d933de62c13e444de"}
,"C:\\Users\\laris\\Downloads\\Atividades - Jest (4)\\Atividades - Jest\\tamanhoSenha.js": {"path":"C:\\Users\\laris\\Downloads\\Atividades - Jest (4)\\Atividades - Jest\\tamanhoSenha.js","statementMap":{"0":{"start":{"line":2,"column":14},"end":{"line":2,"column":16}},"1":{"start":{"line":4,"column":2},"end":{"line":6,"column":29}},"2":{"start":{"line":5,"column":4},"end":{"line":5,"column":78}},"3":{"start":{"line":8,"column":2},"end":{"line":8,"column":41}},"4":{"start":{"line":11,"column":0},"end":{"line":11,"column":41}}},"fnMap":{"0":{"name":"verificarTamanhoDaSenha","decl":{"start":{"line":1,"column":9},"end":{"line":1,"column":32}},"loc":{"start":{"line":1,"column":35},"end":{"line":9,"column":1}},"line":1}},"branchMap":{},"s":{"0":3,"1":3,"2":5,"3":3,"4":1},"f":{"0":3},"b":{},"_coverageSchema":"1a1c01bbd47fc00a2c39e90264f33305004495a9","hash":"196d660fae028aca8fc916ac205696e901219f11"}
,"C:\\Users\\laris\\Downloads\\Atividades - Jest (4)\\Atividades - Jest\\trabalho.js": {"path":"C:\\Users\\laris\\Downloads\\Atividades - Jest (4)\\Atividades - Jest\\trabalho.js","statementMap":{"0":{"start":{"line":2,"column":2},"end":{"line":8,"column":3}},"1":{"start":{"line":3,"column":4},"end":{"line":3,"column":48}},"2":{"start":{"line":4,"column":9},"end":{"line":8,"column":3}},"3":{"start":{"line":5,"column":4},"end":{"line":5,"column":34}},"4":{"start":{"line":7,"column":4},"end":{"line":7,"column":51}},"5":{"start":{"line":11,"column":0},"end":{"line":11,"column":31}}},"fnMap":{"0":{"name":"podeTrabalhar","decl":{"start":{"line":1,"column":9},"end":{"line":1,"column":22}},"loc":{"start":{"line":1,"column":30},"end":{"line":9,"column":1}},"line":1}},"branchMap":{"0":{"loc":{"start":{"line":2,"column":2},"end":{"line":8,"column":3}},"type":"if","locations":[{"start":{"line":2,"column":2},"end":{"line":8,"column":3}},{"start":{"line":4,"column":9},"end":{"line":8,"column":3}}],"line":2},"1":{"loc":{"start":{"line":4,"column":9},"end":{"line":8,"column":3}},"type":"if","locations":[{"start":{"line":4,"column":9},"end":{"line":8,"column":3}},{"start":{"line":6,"column":9},"end":{"line":8,"column":3}}],"line":4},"2":{"loc":{"start":{"line":4,"column":13},"end":{"line":4,"column":39}},"type":"binary-expr","locations":[{"start":{"line":4,"column":13},"end":{"line":4,"column":24}},{"start":{"line":4,"column":28},"end":{"line":4,"column":39}}],"line":4}},"s":{"0":0,"1":0,"2":0,"3":0,"4":0,"5":1},"f":{"0":0},"b":{"0":[0,0],"1":[0,0],"2":[0,0]},"_coverageSchema":"1a1c01bbd47fc00a2c39e90264f33305004495a9","hash":"e1500708e86b9dbe56427ed72a11c34967441ef5"}
,"C:\\Users\\laris\\Downloads\\Atividades - Jest (4)\\Atividades - Jest\\verificarParidade.js": {"path":"C:\\Users\\laris\\Downloads\\Atividades - Jest (4)\\Atividades - Jest\\verificarParidade.js","statementMap":{"0":{"start":{"line":4,"column":2},"end":{"line":6,"column":3}},"1":{"start":{"line":5,"column":4},"end":{"line":5,"column":61}},"2":{"start":{"line":8,"column":2},"end":{"line":12,"column":3}},"3":{"start":{"line":9,"column":4},"end":{"line":9,"column":22}},"4":{"start":{"line":11,"column":4},"end":{"line":11,"column":24}},"5":{"start":{"line":14,"column":2},"end":{"line":14,"column":19}},"6":{"start":{"line":17,"column":0},"end":{"line":17,"column":35}}},"fnMap":{"0":{"name":"verificarParidade","decl":{"start":{"line":1,"column":9},"end":{"line":1,"column":26}},"loc":{"start":{"line":1,"column":35},"end":{"line":15,"column":1}},"line":1}},"branchMap":{"0":{"loc":{"start":{"line":4,"column":2},"end":{"line":6,"column":3}},"type":"if","locations":[{"start":{"line":4,"column":2},"end":{"line":6,"column":3}},{"start":{},"end":{}}],"line":4},"1":{"loc":{"start":{"line":4,"column":6},"end":{"line":4,"column":51}},"type":"binary-expr","locations":[{"start":{"line":4,"column":6},"end":{"line":4,"column":32}},{"start":{"line":4,"column":36},"end":{"line":4,"column":51}}],"line":4},"2":{"loc":{"start":{"line":8,"column":2},"end":{"line":12,"column":3}},"type":"if","locations":[{"start":{"line":8,"column":2},"end":{"line":12,"column":3}},{"start":{"line":10,"column":9},"end":{"line":12,"column":3}}],"line":8}},"s":{"0":2,"1":0,"2":2,"3":1,"4":1,"5":2,"6":1},"f":{"0":2},"b":{"0":[0,2],"1":[2,2],"2":[1,1]},"_coverageSchema":"1a1c01bbd47fc00a2c39e90264f33305004495a9","hash":"ea6a32bfe4d67b740e6304e1367a2b9c2eda1eea"}
}
