TN:
SF:calcularMedia.js
FN:1,calcularMediaENotificarSePassou
FNF:1
FNH:1
FNDA:2,calcularMediaENotificarSePassou
DA:2,2
DA:4,2
DA:5,0
DA:8,2
DA:9,6
DA:10,0
DA:14,2
DA:15,6
DA:18,2
DA:20,2
DA:21,1
DA:23,1
DA:27,1
LF:13
LH:11
BRDA:4,0,0,0
BRDA:4,0,1,2
BRDA:9,1,0,0
BRDA:9,1,1,6
BRDA:20,2,0,1
BRDA:20,2,1,1
BRF:6
BRH:4
end_of_record
TN:
SF:tamanhoSenha.js
FN:1,verificarTamanhoDaSenha
FNF:1
FNH:1
FNDA:3,verificarTamanhoDaSenha
DA:2,3
DA:4,3
DA:5,5
DA:8,3
DA:11,1
LF:5
LH:5
BRF:0
BRH:0
end_of_record
TN:
SF:trabalho.js
FN:1,podeTrabalhar
FNF:1
FNH:0
FNDA:0,podeTrabalhar
DA:2,0
DA:3,0
DA:4,0
DA:5,0
DA:7,0
DA:11,1
LF:6
LH:1
BRDA:2,0,0,0
BRDA:2,0,1,0
BRDA:4,1,0,0
BRDA:4,1,1,0
BRDA:4,2,0,0
BRDA:4,2,1,0
BRF:6
BRH:0
end_of_record
TN:
SF:verificarParidade.js
FN:1,verificarParidade
FNF:1
FNH:1
FNDA:2,verificarParidade
DA:4,2
DA:5,0
DA:8,2
DA:9,1
DA:11,1
DA:14,2
DA:17,1
LF:7
LH:6
BRDA:4,0,0,0
BRDA:4,0,1,2
BRDA:4,1,0,2
BRDA:4,1,1,2
BRDA:8,2,0,1
BRDA:8,2,1,1
BRF:6
BRH:5
end_of_record
