TN:
SF:tamanhoSenha.js
FN:1,verificarTamanhoDaSenha
FNF:1
FNH:1
FNDA:3,verificarTamanhoDaSenha
DA:2,3
DA:4,3
DA:5,5
DA:8,3
DA:11,1
LF:5
LH:5
BRF:0
BRH:0
end_of_record
TN:
SF:trabalho.js
FN:1,podeTrabalhar
FNF:1
FNH:1
FNDA:1,podeTrabalhar
DA:2,1
DA:3,0
DA:4,1
DA:5,0
DA:7,1
DA:11,1
LF:6
LH:4
BRDA:2,0,0,0
BRDA:2,0,1,1
BRDA:4,1,0,0
BRDA:4,1,1,1
BRDA:4,2,0,1
BRDA:4,2,1,1
BRF:6
BRH:4
end_of_record
TN:
SF:verificarParidade.js
FN:1,verificarParidade
FNF:1
FNH:1
FNDA:2,verificarParidade
DA:4,2
DA:5,0
DA:8,2
DA:9,1
DA:11,1
DA:14,2
DA:17,1
LF:7
LH:6
BRDA:4,0,0,0
BRDA:4,0,1,2
BRDA:4,1,0,2
BRDA:4,1,1,2
BRDA:8,2,0,1
BRDA:8,2,1,1
BRF:6
BRH:5
end_of_record
