<?xml version="1.0" encoding="UTF-8"?>
<coverage generated="1761780259003" clover="3.2.0">
  <project timestamp="1761780259003" name="All files">
    <metrics statements="21" coveredstatements="21" conditionals="0" coveredconditionals="0" methods="8" coveredmethods="8" elements="29" coveredelements="29" complexity="0" loc="21" ncloc="21" packages="1" files="3" classes="3"/>
    <file name="calculate.ts" path="C:\Users\nicolas_liviera\Documents\GitHub\Teste-de-Sistemas\Aula teste de sistemas\Atividade calculadora\src\utils\calculate.ts">
      <metrics statements="6" coveredstatements="6" conditionals="0" coveredconditionals="0" methods="1" coveredmethods="1"/>
      <line num="1" count="1" type="stmt"/>
      <line num="3" count="1" type="stmt"/>
      <line num="8" count="6" type="stmt"/>
      <line num="9" count="6" type="stmt"/>
      <line num="10" count="6" type="stmt"/>
      <line num="12" count="6" type="stmt"/>
    </file>
    <file name="isDot.ts" path="C:\Users\nicolas_liviera\Documents\GitHub\Teste-de-Sistemas\Aula teste de sistemas\Atividade calculadora\src\utils\isDot.ts">
      <metrics statements="2" coveredstatements="2" conditionals="0" coveredconditionals="0" methods="1" coveredmethods="1"/>
      <line num="1" count="1" type="stmt"/>
      <line num="2" count="6" type="stmt"/>
    </file>
    <file name="operations.ts" path="C:\Users\nicolas_liviera\Documents\GitHub\Teste-de-Sistemas\Aula teste de sistemas\Atividade calculadora\src\utils\operations.ts">
      <metrics statements="13" coveredstatements="13" conditionals="0" coveredconditionals="0" methods="6" coveredmethods="6"/>
      <line num="1" count="1" type="stmt"/>
      <line num="10" count="1" type="stmt"/>
      <line num="11" count="1" type="stmt"/>
      <line num="14" count="1" type="stmt"/>
      <line num="15" count="1" type="stmt"/>
      <line num="18" count="1" type="stmt"/>
      <line num="19" count="1" type="stmt"/>
      <line num="22" count="1" type="stmt"/>
      <line num="23" count="1" type="stmt"/>
      <line num="26" count="1" type="stmt"/>
      <line num="27" count="1" type="stmt"/>
      <line num="30" count="1" type="stmt"/>
      <line num="31" count="1" type="stmt"/>
    </file>
  </project>
</coverage>
