<?xml version="1.0" encoding="UTF-8"?>
<coverage generated="1761781463331" clover="3.2.0">
  <project timestamp="1761781463332" name="All files">
    <metrics statements="23" coveredstatements="23" conditionals="0" coveredconditionals="0" methods="9" coveredmethods="9" elements="32" coveredelements="32" complexity="0" loc="23" ncloc="23" packages="1" files="4" classes="4"/>
    <file name="calculate.ts" path="C:\Users\nicolas_liviera\Documents\GitHub\Teste-de-Sistemas\Aula teste de sistemas\Atividade calculadora\src\utils\calculate.ts">
      <metrics statements="6" coveredstatements="6" conditionals="0" coveredconditionals="0" methods="1" coveredmethods="1"/>
      <line num="1" count="1" type="stmt"/>
      <line num="3" count="1" type="stmt"/>
      <line num="8" count="6" type="stmt"/>
      <line num="9" count="6" type="stmt"/>
      <line num="10" count="6" type="stmt"/>
      <line num="12" count="6" type="stmt"/>
    </file>
    <file name="isDot.ts" path="C:\Users\nicolas_liviera\Documents\GitHub\Teste-de-Sistemas\Aula teste de sistemas\Atividade calculadora\src\utils\isDot.ts">
      <metrics statements="2" coveredstatements="2" conditionals="0" coveredconditionals="0" methods="1" coveredmethods="1"/>
      <line num="1" count="1" type="stmt"/>
      <line num="2" count="6" type="stmt"/>
    </file>
    <file name="isNumber.ts" path="C:\Users\nicolas_liviera\Documents\GitHub\Teste-de-Sistemas\Aula teste de sistemas\Atividade calculadora\src\utils\isNumber.ts">
      <metrics statements="2" coveredstatements="2" conditionals="0" coveredconditionals="0" methods="1" coveredmethods="1"/>
      <line num="1" count="1" type="stmt"/>
      <line num="2" count="5" type="stmt"/>
    </file>
    <file name="operations.ts" path="C:\Users\nicolas_liviera\Documents\GitHub\Teste-de-Sistemas\Aula teste de sistemas\Atividade calculadora\src\utils\operations.ts">
      <metrics statements="13" coveredstatements="13" conditionals="0" coveredconditionals="0" methods="6" coveredmethods="6"/>
      <line num="1" count="1" type="stmt"/>
      <line num="10" count="1" type="stmt"/>
      <line num="11" count="1" type="stmt"/>
      <line num="14" count="1" type="stmt"/>
      <line num="15" count="1" type="stmt"/>
      <line num="18" count="1" type="stmt"/>
      <line num="19" count="1" type="stmt"/>
      <line num="22" count="1" type="stmt"/>
      <line num="23" count="1" type="stmt"/>
      <line num="26" count="1" type="stmt"/>
      <line num="27" count="1" type="stmt"/>
      <line num="30" count="1" type="stmt"/>
      <line num="31" count="1" type="stmt"/>
    </file>
  </project>
</coverage>
