TN:
SF:src\utils\calculate.ts
FN:3,calculate
FNF:1
FNH:1
FNDA:6,calculate
DA:1,1
DA:3,1
DA:8,6
DA:9,6
DA:10,6
DA:12,6
LF:6
LH:6
BRF:0
BRH:0
end_of_record
TN:
SF:src\utils\isDot.ts
FN:1,isDot
FNF:1
FNH:1
FNDA:6,isDot
DA:1,1
DA:2,6
LF:2
LH:2
BRF:0
BRH:0
end_of_record
TN:
SF:src\utils\isNumber.ts
FN:1,(anonymous_0)
FNF:1
FNH:1
FNDA:5,(anonymous_0)
DA:1,1
DA:2,5
LF:2
LH:2
BRF:0
BRH:0
end_of_record
TN:
SF:src\utils\operations.ts
FN:10,sum
FN:14,subtract
FN:18,multiply
FN:22,divide
FN:26,equal
FN:30,allClear
FNF:6
FNH:6
FNDA:1,sum
FNDA:1,subtract
FNDA:1,multiply
FNDA:1,divide
FNDA:1,equal
FNDA:1,allClear
DA:1,1
DA:10,1
DA:11,1
DA:14,1
DA:15,1
DA:18,1
DA:19,1
DA:22,1
DA:23,1
DA:26,1
DA:27,1
DA:30,1
DA:31,1
LF:13
LH:13
BRF:0
BRH:0
end_of_record
